Jul 05 03:44:48 +0000 OX-60e2803082f19 [  warning]  Use of undefined constant T_COMMENT - assumed 'T_COMMENT' (this will throw an Error in a future version of PHP)
Jul 05 03:44:48 +0000 OX-60e2803082f19 [  warning]  count(): Parameter must be an array or an object that implements Countable
Jul 05 03:44:48 +0000 OX-60e2803082f19 [  warning]  count(): Parameter must be an array or an object that implements Countable
Jul 05 03:44:48 +0000 OX-60e2803082f19 [  warning]  count(): Parameter must be an array or an object that implements Countable
Jul 05 03:44:48 +0000 OX-60e2803082f19 [  warning]  count(): Parameter must be an array or an object that implements Countable
Jul 05 03:44:48 +0000 OX-60e2803082f19 [  warning]  count(): Parameter must be an array or an object that implements Countable
Jul 05 03:44:48 +0000 OX-60e2803082f19 [  warning]  count(): Parameter must be an array or an object that implements Countable
Jul 05 03:44:48 +0000 OX-60e2803082f19 [  warning]  count(): Parameter must be an array or an object that implements Countable
Jul 05 03:44:48 +0000 OX-60e2803082f19 [  warning]  count(): Parameter must be an array or an object that implements Countable
Jul 05 03:44:48 +0000 OX-60e2803082f19 [  warning]  count(): Parameter must be an array or an object that implements Countable
Jul 05 03:44:48 +0000 OX-60e2803082f19 [  warning]  count(): Parameter must be an array or an object that implements Countable
Jul 05 03:44:48 +0000 OX-60e2803082f19 [  warning]  count(): Parameter must be an array or an object that implements Countable
Jul 05 03:44:48 +0000 OX-60e2803082f19 [  warning]  count(): Parameter must be an array or an object that implements Countable
Jul 05 03:44:48 +0000 OX-60e2803082f19 [  warning]  count(): Parameter must be an array or an object that implements Countable
Jul 05 03:44:48 +0000 OX-60e2803082f19 [  warning]  count(): Parameter must be an array or an object that implements Countable
Jul 05 03:44:48 +0000 OX-60e2803082f19 [  warning]  count(): Parameter must be an array or an object that implements Countable
Jul 05 03:44:48 +0000 OX-60e2803082f19 [  warning]  count(): Parameter must be an array or an object that implements Countable
Jul 05 03:44:48 +0000 OX-60e2803082f19 [  warning]  count(): Parameter must be an array or an object that implements Countable
Jul 05 03:44:48 +0000 OX-60e2803082f19 [  warning]  count(): Parameter must be an array or an object that implements Countable
Jul 05 03:44:48 +0000 OX-60e2803082f19 [  warning]  count(): Parameter must be an array or an object that implements Countable
Jul 05 03:44:48 +0000 OX-60e2803082f19 [  warning]  count(): Parameter must be an array or an object that implements Countable
Jul 05 03:44:48 +0000 OX-60e2803082f19 [  warning]  count(): Parameter must be an array or an object that implements Countable
Jul 05 03:44:48 +0000 OX-60e2803082f19 [  warning]  count(): Parameter must be an array or an object that implements Countable
Jul 05 03:44:48 +0000 OX-60e2803082f19 [  warning]  count(): Parameter must be an array or an object that implements Countable
Jul 05 03:44:48 +0000 OX-60e2803082f19 [  warning]  count(): Parameter must be an array or an object that implements Countable
Jul 05 03:44:48 +0000 OX-60e2803082f19 [  warning]  count(): Parameter must be an array or an object that implements Countable
Jul 05 03:44:48 +0000 OX-60e2803082f19 [  warning]  count(): Parameter must be an array or an object that implements Countable
Jul 05 03:44:48 +0000 OX-60e2803082f19 [  warning]  count(): Parameter must be an array or an object that implements Countable
Jul 05 03:44:48 +0000 OX-60e2803082f19 [  warning]  count(): Parameter must be an array or an object that implements Countable
Jul 05 03:44:48 +0000 OX-60e2803082f19 [  warning]  count(): Parameter must be an array or an object that implements Countable
Jul 05 03:44:48 +0000 OX-60e2803082f19 [  warning]  count(): Parameter must be an array or an object that implements Countable
Jul 05 03:44:48 +0000 OX-60e2803082f19 [  warning]  count(): Parameter must be an array or an object that implements Countable
Jul 05 03:44:48 +0000 OX-60e2803082f19 [  warning]  count(): Parameter must be an array or an object that implements Countable
Jul 05 03:44:48 +0000 OX-60e2803082f19 [  warning]  count(): Parameter must be an array or an object that implements Countable
Jul 05 03:44:48 +0000 OX-60e2803082f19 [  warning]  count(): Parameter must be an array or an object that implements Countable
Jul 05 03:44:48 +0000 OX-60e2803082f19 [  warning]  count(): Parameter must be an array or an object that implements Countable
Jul 05 03:44:48 +0000 OX-60e2803082f19 [  warning]  count(): Parameter must be an array or an object that implements Countable
Jul 05 03:44:48 +0000 OX-60e2803082f19 [  warning]  count(): Parameter must be an array or an object that implements Countable
Jul 05 03:44:48 +0000 OX-60e2803082f19 [  warning]  count(): Parameter must be an array or an object that implements Countable
Jul 05 03:44:48 +0000 OX-60e2803082f19 [  warning]  count(): Parameter must be an array or an object that implements Countable
Jul 05 03:44:48 +0000 OX-60e2803082f19 [  warning]  count(): Parameter must be an array or an object that implements Countable
Jul 05 03:44:48 +0000 OX-60e2803082f19 [  warning]  count(): Parameter must be an array or an object that implements Countable
Jul 05 03:44:48 +0000 OX-60e2803082f19 [  warning]  count(): Parameter must be an array or an object that implements Countable
Jul 05 03:44:48 +0000 OX-60e2803082f19 [  warning]  count(): Parameter must be an array or an object that implements Countable
Jul 05 03:44:48 +0000 OX-60e2803082f19 [  warning]  count(): Parameter must be an array or an object that implements Countable
Jul 05 03:44:48 +0000 OX-60e2803082f19 [  warning]  count(): Parameter must be an array or an object that implements Countable
Jul 05 03:44:48 +0000 OX-60e2803082f19 [  warning]  count(): Parameter must be an array or an object that implements Countable
Jul 05 03:44:48 +0000 OX-60e2803082f19 [  warning]  count(): Parameter must be an array or an object that implements Countable
Jul 05 03:44:48 +0000 OX-60e2803082f19 [  warning]  count(): Parameter must be an array or an object that implements Countable
Jul 05 03:44:48 +0000 OX-60e28030abb9c [  warning]  Use of undefined constant T_COMMENT - assumed 'T_COMMENT' (this will throw an Error in a future version of PHP)
Jul 05 03:45:01 +0000 OX-60e2803d710ae [  warning]  Use of undefined constant T_COMMENT - assumed 'T_COMMENT' (this will throw an Error in a future version of PHP)
Jul 05 03:45:01 +0000 OX-60e2803d710ae [    error]  Unable to drop table rv_account_preference_assoc
Jul 05 03:45:01 +0000 OX-60e2803d710ae [    error]  Unable to drop the table account_preference_assoc
Jul 05 03:45:01 +0000 OX-60e2803d710ae [    error]  Unable to drop table rv_account_user_assoc
Jul 05 03:45:01 +0000 OX-60e2803d710ae [    error]  Unable to drop the table account_user_assoc
Jul 05 03:45:01 +0000 OX-60e2803d710ae [    error]  Unable to drop table rv_account_user_permission_assoc
Jul 05 03:45:01 +0000 OX-60e2803d710ae [    error]  Unable to drop the table account_user_permission_assoc
Jul 05 03:45:01 +0000 OX-60e2803d710ae [    error]  Unable to drop table rv_accounts
Jul 05 03:45:01 +0000 OX-60e2803d710ae [    error]  Unable to drop the table accounts
Jul 05 03:45:01 +0000 OX-60e2803d710ae [    error]  Unable to drop table rv_acls
Jul 05 03:45:01 +0000 OX-60e2803d710ae [    error]  Unable to drop the table acls
Jul 05 03:45:01 +0000 OX-60e2803d710ae [    error]  Unable to drop table rv_acls_channel
Jul 05 03:45:01 +0000 OX-60e2803d710ae [    error]  Unable to drop the table acls_channel
Jul 05 03:45:01 +0000 OX-60e2803d710ae [    error]  Unable to drop table rv_ad_category_assoc
Jul 05 03:45:01 +0000 OX-60e2803d710ae [    error]  Unable to drop the table ad_category_assoc
Jul 05 03:45:01 +0000 OX-60e2803d710ae [    error]  Unable to drop table rv_ad_zone_assoc
Jul 05 03:45:01 +0000 OX-60e2803d710ae [    error]  Unable to drop the table ad_zone_assoc
Jul 05 03:45:01 +0000 OX-60e2803d710ae [    error]  Unable to drop table rv_affiliates
Jul 05 03:45:01 +0000 OX-60e2803d710ae [    error]  Unable to drop the table affiliates
Jul 05 03:45:01 +0000 OX-60e2803d710ae [    error]  Unable to drop table rv_affiliates_extra
Jul 05 03:45:01 +0000 OX-60e2803d710ae [    error]  Unable to drop the table affiliates_extra
Jul 05 03:45:01 +0000 OX-60e2803d710ae [    error]  Unable to drop table rv_agency
Jul 05 03:45:01 +0000 OX-60e2803d710ae [    error]  Unable to drop the table agency
Jul 05 03:45:01 +0000 OX-60e2803d710ae [    error]  Unable to drop table rv_application_variable
Jul 05 03:45:01 +0000 OX-60e2803d710ae [    error]  Unable to drop the table application_variable
Jul 05 03:45:01 +0000 OX-60e2803d710ae [    error]  Unable to drop table rv_audit
Jul 05 03:45:01 +0000 OX-60e2803d710ae [    error]  Unable to drop the table audit
Jul 05 03:45:01 +0000 OX-60e2803d710ae [    error]  Unable to drop table rv_banners
Jul 05 03:45:01 +0000 OX-60e2803d710ae [    error]  Unable to drop the table banners
Jul 05 03:45:01 +0000 OX-60e2803d710ae [    error]  Unable to drop table rv_campaigns
Jul 05 03:45:01 +0000 OX-60e2803d710ae [    error]  Unable to drop the table campaigns
Jul 05 03:45:01 +0000 OX-60e2803d710ae [    error]  Unable to drop table rv_campaigns_trackers
Jul 05 03:45:01 +0000 OX-60e2803d710ae [    error]  Unable to drop the table campaigns_trackers
Jul 05 03:45:01 +0000 OX-60e2803d710ae [    error]  Unable to drop table rv_category
Jul 05 03:45:01 +0000 OX-60e2803d710ae [    error]  Unable to drop the table category
Jul 05 03:45:01 +0000 OX-60e2803d710ae [    error]  Unable to drop table rv_channel
Jul 05 03:45:01 +0000 OX-60e2803d710ae [    error]  Unable to drop the table channel
Jul 05 03:45:01 +0000 OX-60e2803d710ae [    error]  Unable to drop table rv_clients
Jul 05 03:45:01 +0000 OX-60e2803d710ae [    error]  Unable to drop the table clients
Jul 05 03:45:01 +0000 OX-60e2803d710ae [    error]  Unable to drop table rv_data_intermediate_ad
Jul 05 03:45:01 +0000 OX-60e2803d710ae [    error]  Unable to drop the table data_intermediate_ad
Jul 05 03:45:01 +0000 OX-60e2803d710ae [    error]  Unable to drop table rv_data_intermediate_ad_connection
Jul 05 03:45:01 +0000 OX-60e2803d710ae [    error]  Unable to drop the table data_intermediate_ad_connection
Jul 05 03:45:01 +0000 OX-60e2803d710ae [    error]  Unable to drop table rv_data_intermediate_ad_variable_value
Jul 05 03:45:01 +0000 OX-60e2803d710ae [    error]  Unable to drop the table data_intermediate_ad_variable_value
Jul 05 03:45:01 +0000 OX-60e2803d710ae [    error]  Unable to drop table rv_data_raw_ad_click
Jul 05 03:45:01 +0000 OX-60e2803d710ae [    error]  Unable to drop the table data_raw_ad_click
Jul 05 03:45:01 +0000 OX-60e2803d710ae [    error]  Unable to drop table rv_data_raw_ad_impression
Jul 05 03:45:01 +0000 OX-60e2803d710ae [    error]  Unable to drop the table data_raw_ad_impression
Jul 05 03:45:01 +0000 OX-60e2803d710ae [    error]  Unable to drop table rv_data_raw_ad_request
Jul 05 03:45:01 +0000 OX-60e2803d710ae [    error]  Unable to drop the table data_raw_ad_request
Jul 05 03:45:01 +0000 OX-60e2803d710ae [    error]  Unable to drop table rv_data_raw_tracker_impression
Jul 05 03:45:01 +0000 OX-60e2803d710ae [    error]  Unable to drop the table data_raw_tracker_impression
Jul 05 03:45:01 +0000 OX-60e2803d710ae [    error]  Unable to drop table rv_data_raw_tracker_variable_value
Jul 05 03:45:01 +0000 OX-60e2803d710ae [    error]  Unable to drop the table data_raw_tracker_variable_value
Jul 05 03:45:01 +0000 OX-60e2803d710ae [    error]  Unable to drop table rv_data_summary_ad_hourly
Jul 05 03:45:01 +0000 OX-60e2803d710ae [    error]  Unable to drop the table data_summary_ad_hourly
Jul 05 03:45:01 +0000 OX-60e2803d710ae [    error]  Unable to drop table rv_data_summary_ad_zone_assoc
Jul 05 03:45:01 +0000 OX-60e2803d710ae [    error]  Unable to drop the table data_summary_ad_zone_assoc
Jul 05 03:45:01 +0000 OX-60e2803d710ae [    error]  Unable to drop table rv_data_summary_channel_daily
Jul 05 03:45:01 +0000 OX-60e2803d710ae [    error]  Unable to drop the table data_summary_channel_daily
Jul 05 03:45:01 +0000 OX-60e2803d710ae [    error]  Unable to drop table rv_data_summary_zone_impression_history
Jul 05 03:45:01 +0000 OX-60e2803d710ae [    error]  Unable to drop the table data_summary_zone_impression_history
Jul 05 03:45:01 +0000 OX-60e2803d710ae [    error]  Unable to drop table rv_images
Jul 05 03:45:01 +0000 OX-60e2803d710ae [    error]  Unable to drop the table images
Jul 05 03:45:01 +0000 OX-60e2803d710ae [    error]  Unable to drop table rv_log_maintenance_forecasting
Jul 05 03:45:01 +0000 OX-60e2803d710ae [    error]  Unable to drop the table log_maintenance_forecasting
Jul 05 03:45:01 +0000 OX-60e2803d710ae [    error]  Unable to drop table rv_log_maintenance_priority
Jul 05 03:45:01 +0000 OX-60e2803d710ae [    error]  Unable to drop the table log_maintenance_priority
Jul 05 03:45:01 +0000 OX-60e2803d710ae [    error]  Unable to drop table rv_log_maintenance_statistics
Jul 05 03:45:01 +0000 OX-60e2803d710ae [    error]  Unable to drop the table log_maintenance_statistics
Jul 05 03:45:01 +0000 OX-60e2803d710ae [    error]  Unable to drop table rv_password_recovery
Jul 05 03:45:01 +0000 OX-60e2803d710ae [    error]  Unable to drop the table password_recovery
Jul 05 03:45:01 +0000 OX-60e2803d710ae [    error]  Unable to drop table rv_placement_zone_assoc
Jul 05 03:45:01 +0000 OX-60e2803d710ae [    error]  Unable to drop the table placement_zone_assoc
Jul 05 03:45:01 +0000 OX-60e2803d710ae [    error]  Unable to drop table rv_preferences
Jul 05 03:45:01 +0000 OX-60e2803d710ae [    error]  Unable to drop the table preferences
Jul 05 03:45:01 +0000 OX-60e2803d710ae [    error]  Unable to drop table rv_session
Jul 05 03:45:01 +0000 OX-60e2803d710ae [    error]  Unable to drop the table session
Jul 05 03:45:01 +0000 OX-60e2803d710ae [    error]  Unable to drop table rv_targetstats
Jul 05 03:45:01 +0000 OX-60e2803d710ae [    error]  Unable to drop the table targetstats
Jul 05 03:45:01 +0000 OX-60e2803d710ae [    error]  Unable to drop table rv_tracker_append
Jul 05 03:45:01 +0000 OX-60e2803d710ae [    error]  Unable to drop the table tracker_append
Jul 05 03:45:01 +0000 OX-60e2803d710ae [    error]  Unable to drop table rv_trackers
Jul 05 03:45:01 +0000 OX-60e2803d710ae [    error]  Unable to drop the table trackers
Jul 05 03:45:01 +0000 OX-60e2803d710ae [    error]  Unable to drop table rv_userlog
Jul 05 03:45:01 +0000 OX-60e2803d710ae [    error]  Unable to drop the table userlog
Jul 05 03:45:01 +0000 OX-60e2803d710ae [    error]  Unable to drop table rv_users
Jul 05 03:45:01 +0000 OX-60e2803d710ae [    error]  Unable to drop the table users
Jul 05 03:45:01 +0000 OX-60e2803d710ae [    error]  Unable to drop table rv_variable_publisher
Jul 05 03:45:01 +0000 OX-60e2803d710ae [    error]  Unable to drop the table variable_publisher
Jul 05 03:45:01 +0000 OX-60e2803d710ae [    error]  Unable to drop table rv_variables
Jul 05 03:45:01 +0000 OX-60e2803d710ae [    error]  Unable to drop the table variables
Jul 05 03:45:01 +0000 OX-60e2803d710ae [    error]  Unable to drop table rv_zones
Jul 05 03:45:01 +0000 OX-60e2803d710ae [    error]  Unable to drop the table zones
Jul 05 03:45:03 +0000 OX-60e2803fcfd89 [  warning]  Use of undefined constant T_COMMENT - assumed 'T_COMMENT' (this will throw an Error in a future version of PHP)
Jul 05 03:45:32 +0000 OX-60e2805c4ea20 [  warning]  Use of undefined constant T_COMMENT - assumed 'T_COMMENT' (this will throw an Error in a future version of PHP)
Jul 05 03:45:32 +0000 OX-60e2805cce62a [  warning]  Use of undefined constant T_COMMENT - assumed 'T_COMMENT' (this will throw an Error in a future version of PHP)
Jul 05 03:46:01 +0000 OX-60e2807981ff1 [  warning]  Use of undefined constant T_COMMENT - assumed 'T_COMMENT' (this will throw an Error in a future version of PHP)
Jul 05 03:46:01 +0000 OX-60e28079a8134 [  warning]  Use of undefined constant T_COMMENT - assumed 'T_COMMENT' (this will throw an Error in a future version of PHP)
Jul 05 03:46:08 +0000 OX-60e2808039924 [  warning]  Use of undefined constant T_COMMENT - assumed 'T_COMMENT' (this will throw an Error in a future version of PHP)
Jul 05 03:46:31 +0000 OX-60e280976bea5 [  warning]  Use of undefined constant T_COMMENT - assumed 'T_COMMENT' (this will throw an Error in a future version of PHP)
Jul 05 03:46:31 +0000 OX-60e28097b78b7 [  warning]  Use of undefined constant T_COMMENT - assumed 'T_COMMENT' (this will throw an Error in a future version of PHP)
Jul 05 03:46:34 +0000 OX-60e2809a237b6 [  warning]  Use of undefined constant T_COMMENT - assumed 'T_COMMENT' (this will throw an Error in a future version of PHP)
Jul 05 03:46:37 +0000 OX-60e2809dd0d28 [  warning]  Use of undefined constant T_COMMENT - assumed 'T_COMMENT' (this will throw an Error in a future version of PHP)
Jul 05 03:46:38 +0000 OX-60e2809eac2db [  warning]  Use of undefined constant T_COMMENT - assumed 'T_COMMENT' (this will throw an Error in a future version of PHP)
Jul 05 03:46:40 +0000 OX-60e280a0173aa [  warning]  Use of undefined constant T_COMMENT - assumed 'T_COMMENT' (this will throw an Error in a future version of PHP)
Jul 05 03:46:45 +0000 OX-60e280a5545ad [  warning]  Use of undefined constant T_COMMENT - assumed 'T_COMMENT' (this will throw an Error in a future version of PHP)
Jul 05 03:46:45 +0000 OX-60e280a5a4f39 [  warning]  Use of undefined constant T_COMMENT - assumed 'T_COMMENT' (this will throw an Error in a future version of PHP)
Jul 05 03:47:05 +0000 OX-60e280b9c4c18 [  warning]  Use of undefined constant T_COMMENT - assumed 'T_COMMENT' (this will throw an Error in a future version of PHP)
Jul 05 03:47:08 +0000 OX-60e280bc81b56 [  warning]  Use of undefined constant T_COMMENT - assumed 'T_COMMENT' (this will throw an Error in a future version of PHP)
Jul 05 03:47:08 +0000 OX-60e280bcd82bd [  warning]  Use of undefined constant T_COMMENT - assumed 'T_COMMENT' (this will throw an Error in a future version of PHP)
